RUN	com.gatling.tests.KingBird	kingbird	1646297292971	123	3.6.1
USER	KingBird	START	1646297296374
USER	KingBird	END	1646297296388
USER	KingBird	START	1646297296420
USER	KingBird	END	1646297296548
USER	KingBird	START	1646297296547
USER	KingBird	START	1646297296648
USER	KingBird	START	1646297296750
USER	KingBird	END	1646297296752
USER	KingBird	END	1646297296854
USER	KingBird	START	1646297296853
USER	KingBird	START	1646297296953
USER	KingBird	END	1646297296954
USER	KingBird	START	1646297297058
USER	KingBird	END	1646297297059
USER	KingBird	END	1646297297159
USER	KingBird	START	1646297297158
USER	KingBird	START	1646297297259
USER	KingBird	START	1646297297360
USER	KingBird	END	1646297297361
USER	KingBird	END	1646297297463
USER	KingBird	START	1646297297463
USER	KingBird	START	1646297297560
USER	KingBird	END	1646297297560
USER	KingBird	START	1646297297664
USER	KingBird	START	1646297297759
USER	KingBird	END	1646297297760
USER	KingBird	START	1646297297864
USER	KingBird	END	1646297297866
USER	KingBird	START	1646297297964
USER	KingBird	END	1646297297964
USER	KingBird	START	1646297298060
USER	KingBird	END	1646297298062
USER	KingBird	START	1646297298160
USER	KingBird	END	1646297298160
USER	KingBird	START	1646297298260
USER	KingBird	END	1646297298261
REQUEST		getPageMain	1646297296472	1646297300765	OK	 
USER	KingBird	END	1646297300802
REQUEST		getPageMain	1646297296649	1646297302555	OK	 
USER	KingBird	END	1646297302560
REQUEST		getPageMain	1646297297260	1646297303499	OK	 
USER	KingBird	END	1646297303500
REQUEST		Наши работы	1646297297665	1646297306989	OK	 
USER	KingBird	END	1646297306992
