RUN	com.gatling.tests.KingBird	kingbird	1646295920089	king2	3.6.1
USER	KingBird	START	1646295922521
USER	KingBird	START	1646295923486
USER	KingBird	START	1646295924485
USER	KingBird	START	1646295925470
USER	KingBird	START	1646295926471
REQUEST		getPageMain	1646295922595	1646295927923	OK	 
REQUEST		getPageMain	1646295924486	1646295932416	OK	 
REQUEST		getPageMain	1646295923487	1646295933993	OK	 
REQUEST		Наши работы	1646295927977	1646295946421	OK	 
USER	KingBird	END	1646295946425
REQUEST		getPageMain	1646295926472	1646295949281	OK	 
REQUEST		Наши работы	1646295932419	1646295950624	OK	 
USER	KingBird	END	1646295950625
REQUEST		getPageMain	1646295925470	1646295952683	OK	 
REQUEST		Наши работы	1646295933996	1646295954003	OK	 
USER	KingBird	END	1646295954006
REQUEST		Наши работы	1646295949283	1646295955256	OK	 
USER	KingBird	END	1646295955257
REQUEST		Наши работы	1646295952685	1646295959018	OK	 
USER	KingBird	END	1646295959021
