RUN	com.gatling.tests.KingBird	kingbird	1646310920403	1	3.6.1
USER	KingBird	START	1646310924166
USER	KingBird	START	1646310924457
USER	KingBird	START	1646310924793
USER	KingBird	START	1646310925129
USER	KingBird	START	1646310925464
USER	KingBird	START	1646310925799
USER	KingBird	START	1646310926134
USER	KingBird	START	1646310926449
REQUEST		getPageMain	1646310924249	1646310926716	OK	 
USER	KingBird	START	1646310926781
REQUEST		getPageMain	1646310924458	1646310930561	OK	 
REQUEST		getPageMain	1646310925131	1646310936637	OK	 
REQUEST		getOurProjects	1646310926757	1646310938094	OK	 
REQUEST		getPageMain	1646310924794	1646310938312	OK	 
REQUEST		getOurProjects	1646310930562	1646310939026	OK	 
REQUEST		getPageMain	1646310926781	1646310946504	OK	 
REQUEST		getPageMain	1646310925465	1646310947916	OK	 
REQUEST		getPageMain	1646310925799	1646310948876	OK	 
REQUEST		getPageMain	1646310926450	1646310948917	OK	 
REQUEST		getPageMain	1646310926134	1646310950874	OK	 
REQUEST		getOurProjects	1646310936640	1646310954481	OK	 
REQUEST		About Us	1646310938096	1646310960551	OK	 
USER	KingBird	END	1646310960568
REQUEST		About Us	1646310939028	1646310960741	OK	 
USER	KingBird	END	1646310960742
REQUEST		getOurProjects	1646310938314	1646310961184	OK	 
REQUEST		getOurProjects	1646310947919	1646310968064	OK	 
REQUEST		getOurProjects	1646310946505	1646310968170	OK	 
REQUEST		getOurProjects	1646310948878	1646310969249	OK	 
REQUEST		getOurProjects	1646310948919	1646310969636	OK	 
REQUEST		getOurProjects	1646310950875	1646310970789	OK	 
REQUEST		About Us	1646310954484	1646310970988	OK	 
USER	KingBird	END	1646310970990
REQUEST		About Us	1646310961187	1646310979290	OK	 
USER	KingBird	END	1646310979293
REQUEST		About Us	1646310968173	1646310982048	OK	 
USER	KingBird	END	1646310982050
REQUEST		About Us	1646310968065	1646310982869	OK	 
USER	KingBird	END	1646310982872
REQUEST		About Us	1646310969250	1646310983351	OK	 
USER	KingBird	END	1646310983355
REQUEST		About Us	1646310969638	1646310984277	OK	 
USER	KingBird	END	1646310984279
REQUEST		About Us	1646310970791	1646310985291	OK	 
USER	KingBird	END	1646310985293
