RUN	com.gatling.tests.OrangeHrm	orangehrm	1646289160613	123	3.6.1
USER	OrangeHrm	START	1646289163796
USER	OrangeHrm	START	1646289164105
USER	OrangeHrm	START	1646289164441
USER	OrangeHrm	START	1646289164773
REQUEST		request_0	1646289164106	1646289164840	OK	 
REQUEST		request_0	1646289163849	1646289165013	OK	 
REQUEST		request_0	1646289164443	1646289165113	OK	 
USER	OrangeHrm	START	1646289165277
REQUEST		request_0	1646289164774	1646289165427	OK	 
REQUEST		request_0	1646289165278	1646289166347	OK	 
REQUEST		request_1	1646289200158	1646289200511	KO	status.find.in(200,201,202,203,204,205,206,207,208,209,304), found 400
REQUEST		request_1	1646289200158	1646289200497	KO	status.find.in(200,201,202,203,204,205,206,207,208,209,304), found 400
REQUEST		request_1	1646289200158	1646289200546	KO	status.find.in(200,201,202,203,204,205,206,207,208,209,304), found 400
REQUEST		request_1	1646289200443	1646289200777	KO	status.find.in(200,201,202,203,204,205,206,207,208,209,304), found 400
REQUEST		request_1	1646289201358	1646289201697	KO	status.find.in(200,201,202,203,204,205,206,207,208,209,304), found 400
REQUEST		request_2	1646289201519	1646289201853	OK	 
REQUEST		request_2	1646289201519	1646289201864	OK	 
REQUEST		request_2	1646289201555	1646289201916	OK	 
REQUEST		request_2	1646289201783	1646289202117	OK	 
REQUEST		request_3	1646289201925	1646289202272	OK	 
USER	OrangeHrm	END	1646289202287
REQUEST		request_3	1646289201877	1646289202652	OK	 
USER	OrangeHrm	END	1646289202654
REQUEST		request_3	1646289201877	1646289202666	OK	 
USER	OrangeHrm	END	1646289202668
REQUEST		request_3	1646289202128	1646289202900	OK	 
USER	OrangeHrm	END	1646289202903
REQUEST		request_2	1646289202706	1646289203070	OK	 
REQUEST		request_3	1646289203078	1646289203441	OK	 
USER	OrangeHrm	END	1646289203443
