RUN	com.gatling.tests.KingBird	kingbird	1646311232756	1	3.6.1
USER	KingBird	START	1646311234718
USER	KingBird	START	1646311235687
USER	KingBird	START	1646311236685
REQUEST		getPageMain	1646311234784	1646311236911	OK	 
REQUEST		getPageMain	1646311235688	1646311239218	OK	 
REQUEST		getOurProjects	1646311236946	1646311241830	OK	 
REQUEST		getOurProjects	1646311239219	1646311244716	OK	 
REQUEST		getPageMain	1646311236686	1646311245517	OK	 
REQUEST		About Us	1646311241831	1646311247386	OK	 
REQUEST		About Us	1646311244719	1646311251087	OK	 
REQUEST		getOurProjects	1646311245519	1646311252029	OK	 
REQUEST		Career	1646311247387	1646311256737	OK	 
REQUEST		Career	1646311251088	1646311258976	OK	 
REQUEST		About Us	1646311252032	1646311260439	OK	 
REQUEST		Contacts	1646311256740	1646311261561	OK	 
USER	KingBird	END	1646311261567
REQUEST		Contacts	1646311258978	1646311263334	OK	 
USER	KingBird	END	1646311263337
REQUEST		Career	1646311260441	1646311265853	OK	 
REQUEST		Contacts	1646311265854	1646311269696	OK	 
USER	KingBird	END	1646311269698
